<?xml version="1.0" encoding="UTF-8"?>
<!-- Generated by org.testng.reporters.JUnitReportReporter -->
<testsuite hostname="DESKTOP-NN8HIDR" failures="0" tests="1" name="tests.LoginTest" time="17.549" errors="0" timestamp="2021-12-18T15:00:38 IST" skipped="0">
  <testcase classname="tests.LoginTest" name="login" time="17.549"/>
  <system-out/>
</testsuite> <!-- tests.LoginTest -->
