<?xml version="1.0" encoding="UTF-8"?>
<!-- Generated by org.testng.reporters.JUnitReportReporter -->
<testsuite hostname="DESKTOP-NN8HIDR" failures="0" tests="2" name="tests.LoginTestWithDataProvider" time="42.182" errors="0" timestamp="2021-12-12T20:52:33 IST" skipped="0">
  <testcase classname="tests.LoginTestWithDataProvider" name="login" time="15.631"/>
  <system-out/>
  <testcase classname="tests.LoginTestWithDataProvider" name="login" time="26.551"/>
  <system-out/>
</testsuite> <!-- tests.LoginTestWithDataProvider -->
