<?xml version="1.0" encoding="UTF-8"?>
<!-- Generated by org.testng.reporters.JUnitReportReporter -->
<testsuite hostname="DESKTOP-NN8HIDR" failures="0" tests="1" name="tests.LoginTest" time="12.237" errors="0" timestamp="2021-12-12T11:44:12 IST" skipped="0">
  <testcase classname="tests.LoginTest" name="login" time="12.237"/>
  <system-out/>
</testsuite> <!-- tests.LoginTest -->
